Configuring sdl2-ttf-2.0.2...
Preprocessing library for sdl2-ttf-2.0.2..
Building library for sdl2-ttf-2.0.2..
[1 of 3] Compiling SDL.Raw.Helper   ( src/SDL/Raw/Helper.hs, .stack-work/dist/x86_64-linux-ncurses6/Cabal-2.0.1.0/build/SDL/Raw/Helper.o )
[2 of 3] Compiling SDL.Raw.Font     ( .stack-work/dist/x86_64-linux-ncurses6/Cabal-2.0.1.0/build/SDL/Raw/Font.hs, .stack-work/dist/x86_64-linux-ncurses6/Cabal-2.0.1.0/build/SDL/Raw/Font.o )

[;1msrc/SDL/Raw/Font.hsc:101:1: [;1m[35mwarning:[0m[0m[;1m [[;1m[35m-Wmissing-pattern-synonym-signatures[0m[0m[;1m][0m[0m[;1m
    Pattern synonym with no type signature:
      pattern UNICODE_BOM_NATIVE :: forall a. (Num a, Eq a) => a[0m[0m
[;1m[34m    |[0m[0m
[;1m[34m101 |[0m[0m [;1m[35mpattern UNICODE_BOM_NATIVE      = #{con[0m[0mst UNICODE_BOM_NATIVE}
[;1m[34m    |[0m[0m[;1m[35m ^^^^^^^^^^^^^^^^^^^^^^^^^^^^^^^^^^^^^^^[0m[0m
[0m[0m[0m
[;1msrc/SDL/Raw/Font.hsc:102:1: [;1m[35mwarning:[0m[0m[;1m [[;1m[35m-Wmissing-pattern-synonym-signatures[0m[0m[;1m][0m[0m[;1m
    Pattern synonym with no type signature:
      pattern UNICODE_BOM_SWAPPED :: forall a. (Num a, Eq a) => a[0m[0m
[;1m[34m    |[0m[0m
[;1m[34m102 |[0m[0m [;1m[35mpattern UNICODE_BOM_SWAPPED     = #{con[0m[0mst UNICODE_BOM_SWAPPED}
[;1m[34m    |[0m[0m[;1m[35m ^^^^^^^^^^^^^^^^^^^^^^^^^^^^^^^^^^^^^^^[0m[0m
[0m[0m[0m
[;1msrc/SDL/Raw/Font.hsc:103:1: [;1m[35mwarning:[0m[0m[;1m [[;1m[35m-Wmissing-pattern-synonym-signatures[0m[0m[;1m][0m[0m[;1m
    Pattern synonym with no type signature:
      pattern TTF_STYLE_NORMAL :: forall a. (Num a, Eq a) => a[0m[0m
[;1m[34m    |[0m[0m
[;1m[34m103 |[0m[0m [;1m[35mpattern TTF_STYLE_NORMAL        = #[0m[0m{const TTF_STYLE_NORMAL}
[;1m[34m    |[0m[0m[;1m[35m ^^^^^^^^^^^^^^^^^^^^^^^^^^^^^^^^^^^[0m[0m
[0m[0m[0m
[;1msrc/SDL/Raw/Font.hsc:104:1: [;1m[35mwarning:[0m[0m[;1m [[;1m[35m-Wmissing-pattern-synonym-signatures[0m[0m[;1m][0m[0m[;1m
    Pattern synonym with no type signature:
      pattern TTF_STYLE_BOLD :: forall a. (Num a, Eq a) => a[0m[0m
[;1m[34m    |[0m[0m
[;1m[34m104 |[0m[0m [;1m[35mpattern TTF_STYLE_BOLD          = #[0m[0m{const TTF_STYLE_BOLD}
[;1m[34m    |[0m[0m[;1m[35m ^^^^^^^^^^^^^^^^^^^^^^^^^^^^^^^^^^^[0m[0m
[0m[0m[0m
[;1msrc/SDL/Raw/Font.hsc:105:1: [;1m[35mwarning:[0m[0m[;1m [[;1m[35m-Wmissing-pattern-synonym-signatures[0m[0m[;1m][0m[0m[;1m
    Pattern synonym with no type signature:
      pattern TTF_STYLE_ITALIC :: forall a. (Num a, Eq a) => a[0m[0m
[;1m[34m    |[0m[0m
[;1m[34m105 |[0m[0m [;1m[35mpattern TTF_STYLE_ITALIC        = #[0m[0m{const TTF_STYLE_ITALIC}
[;1m[34m    |[0m[0m[;1m[35m ^^^^^^^^^^^^^^^^^^^^^^^^^^^^^^^^^^^[0m[0m
[0m[0m[0m
[;1msrc/SDL/Raw/Font.hsc:106:1: [;1m[35mwarning:[0m[0m[;1m [[;1m[35m-Wmissing-pattern-synonym-signatures[0m[0m[;1m][0m[0m[;1m
    Pattern synonym with no type signature:
      pattern TTF_STYLE_UNDERLINE :: forall a. (Num a, Eq a) => a[0m[0m
[;1m[34m    |[0m[0m
[;1m[34m106 |[0m[0m [;1m[35mpattern TTF_STYLE_UNDERLINE     = #[0m[0m{const TTF_STYLE_UNDERLINE}
[;1m[34m    |[0m[0m[;1m[35m ^^^^^^^^^^^^^^^^^^^^^^^^^^^^^^^^^^^[0m[0m
[0m[0m[0m
[;1msrc/SDL/Raw/Font.hsc:107:1: [;1m[35mwarning:[0m[0m[;1m [[;1m[35m-Wmissing-pattern-synonym-signatures[0m[0m[;1m][0m[0m[;1m
    Pattern synonym with no type signature:
      pattern TTF_STYLE_STRIKETHROUGH :: forall a. (Num a, Eq a) => a[0m[0m
[;1m[34m    |[0m[0m
[;1m[34m107 |[0m[0m [;1m[35mpattern TTF_STYLE_STRIKETHROUGH = #[0m[0m{const TTF_STYLE_STRIKETHROUGH}
[;1m[34m    |[0m[0m[;1m[35m ^^^^^^^^^^^^^^^^^^^^^^^^^^^^^^^^^^^[0m[0m
[0m[0m[0m
[;1msrc/SDL/Raw/Font.hsc:108:1: [;1m[35mwarning:[0m[0m[;1m [[;1m[35m-Wmissing-pattern-synonym-signatures[0m[0m[;1m][0m[0m[;1m
    Pattern synonym with no type signature:
      pattern TTF_HINTING_LIGHT :: forall a. (Num a, Eq a) => a[0m[0m
[;1m[34m    |[0m[0m
[;1m[34m108 |[0m[0m [;1m[35mpattern TTF_HINTING_LIGHT       = #[0m[0m{const TTF_HINTING_LIGHT}
[;1m[34m    |[0m[0m[;1m[35m ^^^^^^^^^^^^^^^^^^^^^^^^^^^^^^^^^^^[0m[0m
[0m[0m[0m
[;1msrc/SDL/Raw/Font.hsc:109:1: [;1m[35mwarning:[0m[0m[;1m [[;1m[35m-Wmissing-pattern-synonym-signatures[0m[0m[;1m][0m[0m[;1m
    Pattern synonym with no type signature:
      pattern TTF_HINTING_MONO :: forall a. (Num a, Eq a) => a[0m[0m
[;1m[34m    |[0m[0m
[;1m[34m109 |[0m[0m [;1m[35mpattern TTF_HINTING_MONO        = #[0m[0m{const TTF_HINTING_MONO}
[;1m[34m    |[0m[0m[;1m[35m ^^^^^^^^^^^^^^^^^^^^^^^^^^^^^^^^^^^[0m[0m
[0m[0m[0m
[;1msrc/SDL/Raw/Font.hsc:110:1: [;1m[35mwarning:[0m[0m[;1m [[;1m[35m-Wmissing-pattern-synonym-signatures[0m[0m[;1m][0m[0m[;1m
    Pattern synonym with no type signature:
      pattern TTF_HINTING_NONE :: forall a. (Num a, Eq a) => a[0m[0m
[;1m[34m    |[0m[0m
[;1m[34m110 |[0m[0m [;1m[35mpattern TTF_HINTING_NONE        = #[0m[0m{const TTF_HINTING_NONE}
[;1m[34m    |[0m[0m[;1m[35m ^^^^^^^^^^^^^^^^^^^^^^^^^^^^^^^^^^^[0m[0m
[0m[0m[0m
[;1msrc/SDL/Raw/Font.hsc:111:1: [;1m[35mwarning:[0m[0m[;1m [[;1m[35m-Wmissing-pattern-synonym-signatures[0m[0m[;1m][0m[0m[;1m
    Pattern synonym with no type signature:
      pattern TTF_HINTING_NORMAL :: forall a. (Num a, Eq a) => a[0m[0m
[;1m[34m    |[0m[0m
[;1m[34m111 |[0m[0m [;1m[35mpattern TTF_HINTING_NORMAL      = #[0m[0m{const TTF_HINTING_NORMAL}
[;1m[34m    |[0m[0m[;1m[35m ^^^^^^^^^^^^^^^^^^^^^^^^^^^^^^^^^^^[0m[0m
[0m[0m[0m[3 of 3] Compiling SDL.Font         ( src/SDL/Font.hs, .stack-work/dist/x86_64-linux-ncurses6/Cabal-2.0.1.0/build/SDL/Font.o )
[1 of 3] Compiling SDL.Raw.Helper   ( src/SDL/Raw/Helper.hs, .stack-work/dist/x86_64-linux-ncurses6/Cabal-2.0.1.0/build/SDL/Raw/Helper.p_o )
[2 of 3] Compiling SDL.Raw.Font     ( .stack-work/dist/x86_64-linux-ncurses6/Cabal-2.0.1.0/build/SDL/Raw/Font.hs, .stack-work/dist/x86_64-linux-ncurses6/Cabal-2.0.1.0/build/SDL/Raw/Font.p_o )

[;1msrc/SDL/Raw/Font.hsc:101:1: [;1m[35mwarning:[0m[0m[;1m [[;1m[35m-Wmissing-pattern-synonym-signatures[0m[0m[;1m][0m[0m[;1m
    Pattern synonym with no type signature:
      pattern UNICODE_BOM_NATIVE :: forall a. (Num a, Eq a) => a[0m[0m
[;1m[34m    |[0m[0m
[;1m[34m101 |[0m[0m [;1m[35mpattern UNICODE_BOM_NATIVE      = #{con[0m[0mst UNICODE_BOM_NATIVE}
[;1m[34m    |[0m[0m[;1m[35m ^^^^^^^^^^^^^^^^^^^^^^^^^^^^^^^^^^^^^^^[0m[0m
[0m[0m[0m
[;1msrc/SDL/Raw/Font.hsc:102:1: [;1m[35mwarning:[0m[0m[;1m [[;1m[35m-Wmissing-pattern-synonym-signatures[0m[0m[;1m][0m[0m[;1m
    Pattern synonym with no type signature:
      pattern UNICODE_BOM_SWAPPED :: forall a. (Num a, Eq a) => a[0m[0m
[;1m[34m    |[0m[0m
[;1m[34m102 |[0m[0m [;1m[35mpattern UNICODE_BOM_SWAPPED     = #{con[0m[0mst UNICODE_BOM_SWAPPED}
[;1m[34m    |[0m[0m[;1m[35m ^^^^^^^^^^^^^^^^^^^^^^^^^^^^^^^^^^^^^^^[0m[0m
[0m[0m[0m
[;1msrc/SDL/Raw/Font.hsc:103:1: [;1m[35mwarning:[0m[0m[;1m [[;1m[35m-Wmissing-pattern-synonym-signatures[0m[0m[;1m][0m[0m[;1m
    Pattern synonym with no type signature:
      pattern TTF_STYLE_NORMAL :: forall a. (Num a, Eq a) => a[0m[0m
[;1m[34m    |[0m[0m
[;1m[34m103 |[0m[0m [;1m[35mpattern TTF_STYLE_NORMAL        = #[0m[0m{const TTF_STYLE_NORMAL}
[;1m[34m    |[0m[0m[;1m[35m ^^^^^^^^^^^^^^^^^^^^^^^^^^^^^^^^^^^[0m[0m
[0m[0m[0m
[;1msrc/SDL/Raw/Font.hsc:104:1: [;1m[35mwarning:[0m[0m[;1m [[;1m[35m-Wmissing-pattern-synonym-signatures[0m[0m[;1m][0m[0m[;1m
    Pattern synonym with no type signature:
      pattern TTF_STYLE_BOLD :: forall a. (Num a, Eq a) => a[0m[0m
[;1m[34m    |[0m[0m
[;1m[34m104 |[0m[0m [;1m[35mpattern TTF_STYLE_BOLD          = #[0m[0m{const TTF_STYLE_BOLD}
[;1m[34m    |[0m[0m[;1m[35m ^^^^^^^^^^^^^^^^^^^^^^^^^^^^^^^^^^^[0m[0m
[0m[0m[0m
[;1msrc/SDL/Raw/Font.hsc:105:1: [;1m[35mwarning:[0m[0m[;1m [[;1m[35m-Wmissing-pattern-synonym-signatures[0m[0m[;1m][0m[0m[;1m
    Pattern synonym with no type signature:
      pattern TTF_STYLE_ITALIC :: forall a. (Num a, Eq a) => a[0m[0m
[;1m[34m    |[0m[0m
[;1m[34m105 |[0m[0m [;1m[35mpattern TTF_STYLE_ITALIC        = #[0m[0m{const TTF_STYLE_ITALIC}
[;1m[34m    |[0m[0m[;1m[35m ^^^^^^^^^^^^^^^^^^^^^^^^^^^^^^^^^^^[0m[0m
[0m[0m[0m
[;1msrc/SDL/Raw/Font.hsc:106:1: [;1m[35mwarning:[0m[0m[;1m [[;1m[35m-Wmissing-pattern-synonym-signatures[0m[0m[;1m][0m[0m[;1m
    Pattern synonym with no type signature:
      pattern TTF_STYLE_UNDERLINE :: forall a. (Num a, Eq a) => a[0m[0m
[;1m[34m    |[0m[0m
[;1m[34m106 |[0m[0m [;1m[35mpattern TTF_STYLE_UNDERLINE     = #[0m[0m{const TTF_STYLE_UNDERLINE}
[;1m[34m    |[0m[0m[;1m[35m ^^^^^^^^^^^^^^^^^^^^^^^^^^^^^^^^^^^[0m[0m
[0m[0m[0m
[;1msrc/SDL/Raw/Font.hsc:107:1: [;1m[35mwarning:[0m[0m[;1m [[;1m[35m-Wmissing-pattern-synonym-signatures[0m[0m[;1m][0m[0m[;1m
    Pattern synonym with no type signature:
      pattern TTF_STYLE_STRIKETHROUGH :: forall a. (Num a, Eq a) => a[0m[0m
[;1m[34m    |[0m[0m
[;1m[34m107 |[0m[0m [;1m[35mpattern TTF_STYLE_STRIKETHROUGH = #[0m[0m{const TTF_STYLE_STRIKETHROUGH}
[;1m[34m    |[0m[0m[;1m[35m ^^^^^^^^^^^^^^^^^^^^^^^^^^^^^^^^^^^[0m[0m
[0m[0m[0m
[;1msrc/SDL/Raw/Font.hsc:108:1: [;1m[35mwarning:[0m[0m[;1m [[;1m[35m-Wmissing-pattern-synonym-signatures[0m[0m[;1m][0m[0m[;1m
    Pattern synonym with no type signature:
      pattern TTF_HINTING_LIGHT :: forall a. (Num a, Eq a) => a[0m[0m
[;1m[34m    |[0m[0m
[;1m[34m108 |[0m[0m [;1m[35mpattern TTF_HINTING_LIGHT       = #[0m[0m{const TTF_HINTING_LIGHT}
[;1m[34m    |[0m[0m[;1m[35m ^^^^^^^^^^^^^^^^^^^^^^^^^^^^^^^^^^^[0m[0m
[0m[0m[0m
[;1msrc/SDL/Raw/Font.hsc:109:1: [;1m[35mwarning:[0m[0m[;1m [[;1m[35m-Wmissing-pattern-synonym-signatures[0m[0m[;1m][0m[0m[;1m
    Pattern synonym with no type signature:
      pattern TTF_HINTING_MONO :: forall a. (Num a, Eq a) => a[0m[0m
[;1m[34m    |[0m[0m
[;1m[34m109 |[0m[0m [;1m[35mpattern TTF_HINTING_MONO        = #[0m[0m{const TTF_HINTING_MONO}
[;1m[34m    |[0m[0m[;1m[35m ^^^^^^^^^^^^^^^^^^^^^^^^^^^^^^^^^^^[0m[0m
[0m[0m[0m
[;1msrc/SDL/Raw/Font.hsc:110:1: [;1m[35mwarning:[0m[0m[;1m [[;1m[35m-Wmissing-pattern-synonym-signatures[0m[0m[;1m][0m[0m[;1m
    Pattern synonym with no type signature:
      pattern TTF_HINTING_NONE :: forall a. (Num a, Eq a) => a[0m[0m
[;1m[34m    |[0m[0m
[;1m[34m110 |[0m[0m [;1m[35mpattern TTF_HINTING_NONE        = #[0m[0m{const TTF_HINTING_NONE}
[;1m[34m    |[0m[0m[;1m[35m ^^^^^^^^^^^^^^^^^^^^^^^^^^^^^^^^^^^[0m[0m
[0m[0m[0m
[;1msrc/SDL/Raw/Font.hsc:111:1: [;1m[35mwarning:[0m[0m[;1m [[;1m[35m-Wmissing-pattern-synonym-signatures[0m[0m[;1m][0m[0m[;1m
    Pattern synonym with no type signature:
      pattern TTF_HINTING_NORMAL :: forall a. (Num a, Eq a) => a[0m[0m
[;1m[34m    |[0m[0m
[;1m[34m111 |[0m[0m [;1m[35mpattern TTF_HINTING_NORMAL      = #[0m[0m{const TTF_HINTING_NORMAL}
[;1m[34m    |[0m[0m[;1m[35m ^^^^^^^^^^^^^^^^^^^^^^^^^^^^^^^^^^^[0m[0m
[0m[0m[0m[3 of 3] Compiling SDL.Font         ( src/SDL/Font.hs, .stack-work/dist/x86_64-linux-ncurses6/Cabal-2.0.1.0/build/SDL/Font.p_o )
Installing library in /home/jared/.stack/snapshots/x86_64-linux-ncurses6/lts-11.8/8.2.2/lib/x86_64-linux-ghc-8.2.2/sdl2-ttf-2.0.2-Fokf2vBOL9xKsK7JkS5j0e
Registering library for sdl2-ttf-2.0.2..
